# JRE version: Java(TM) SE Runtime Environment (8.0_161-b12) (build 1.8.0_161-b12)
# Java VM: Java HotSpot(TM) 64-Bit Server VM (25.161-b12 mixed mode windows-amd64 compressed oops)
Heap:
 PSYoungGen      total 67584K, used 15978K [0x000000076b580000, 0x0000000771700000, 0x00000007c0000000)
  eden space 60928K, 15% used [0x000000076b580000,0x000000076bf01da8,0x000000076f100000)
  from space 6656K, 93% used [0x000000076f200000,0x000000076f818c60,0x000000076f880000)
  to   space 19456K, 0% used [0x0000000770400000,0x0000000770400000,0x0000000771700000)
 ParOldGen       total 90112K, used 19129K [0x00000006c2000000, 0x00000006c7800000, 0x000000076b580000)
  object space 90112K, 21% used [0x00000006c2000000,0x00000006c32ae560,0x00000006c7800000)
 Metaspace       used 27003K, capacity 27510K, committed 27904K, reserved 1073152K
  class space    used 3090K, capacity 3209K, committed 3328K, reserved 1048576K
GC Heap History (10 events):
Event: 21.886 GC heap before
{Heap before GC invocations=4 (full 0):
 PSYoungGen      total 75776K, used 75760K [0x000000076b580000, 0x0000000770a00000, 0x00000007c0000000)
  eden space 65024K, 100% used [0x000000076b580000,0x000000076f500000,0x000000076f500000)
  from space 10752K, 99% used [0x000000076f500000,0x000000076ff7c010,0x000000076ff80000)
  to   space 10752K, 0% used [0x000000076ff80000,0x000000076ff80000,0x0000000770a00000)
 ParOldGen       total 173568K, used 4418K [0x00000006c2000000, 0x00000006cc980000, 0x000000076b580000)
  object space 173568K, 2% used [0x00000006c2000000,0x00000006c2450848,0x00000006cc980000)
 Metaspace       used 16579K, capacity 16948K, committed 17280K, reserved 1064960K
  class space    used 1952K, capacity 2058K, committed 2176K, reserved 1048576K
Event: 21.902 GC heap after
Heap after GC invocations=4 (full 0):
 PSYoungGen      total 75776K, used 10720K [0x000000076b580000, 0x0000000770a00000, 0x00000007c0000000)
  eden space 65024K, 0% used [0x000000076b580000,0x000000076b580000,0x000000076f500000)
  from space 10752K, 99% used [0x000000076ff80000,0x00000007709f8040,0x0000000770a00000)
  to   space 10752K, 0% used [0x000000076f500000,0x000000076f500000,0x000000076ff80000)
 ParOldGen       total 173568K, used 8385K [0x00000006c2000000, 0x00000006cc980000, 0x000000076b580000)
  object space 173568K, 4% used [0x00000006c2000000,0x00000006c2830510,0x00000006cc980000)
 Metaspace       used 16579K, capacity 16948K, committed 17280K, reserved 1064960K
  class space    used 1952K, capacity 2058K, committed 2176K, reserved 1048576K
}
Event: 117.884 GC heap before
{Heap before GC invocations=5 (full 0):
 PSYoungGen      total 75776K, used 75744K [0x000000076b580000, 0x0000000770a00000, 0x00000007c0000000)
  eden space 65024K, 100% used [0x000000076b580000,0x000000076f500000,0x000000076f500000)
  from space 10752K, 99% used [0x000000076ff80000,0x00000007709f8040,0x0000000770a00000)
  to   space 10752K, 0% used [0x000000076f500000,0x000000076f500000,0x000000076ff80000)
 ParOldGen       total 173568K, used 8385K [0x00000006c2000000, 0x00000006cc980000, 0x000000076b580000)
  object space 173568K, 4% used [0x00000006c2000000,0x00000006c2830510,0x00000006cc980000)
 Metaspace       used 20730K, capacity 21164K, committed 21248K, reserved 1069056K
  class space    used 2421K, capacity 2548K, committed 2560K, reserved 1048576K
Event: 117.915 GC heap after
Heap after GC invocations=5 (full 0):
 PSYoungGen      total 74240K, used 10720K [0x000000076b580000, 0x0000000771980000, 0x00000007c0000000)
  eden space 63488K, 0% used [0x000000076b580000,0x000000076b580000,0x000000076f380000)
  from space 10752K, 99% used [0x000000076f500000,0x000000076ff78020,0x000000076ff80000)
  to   space 19456K, 0% used [0x0000000770680000,0x0000000770680000,0x0000000771980000)
 ParOldGen       total 173568K, used 14498K [0x00000006c2000000, 0x00000006cc980000, 0x000000076b580000)
  object space 173568K, 8% used [0x00000006c2000000,0x00000006c2e28a80,0x00000006cc980000)
 Metaspace       used 20730K, capacity 21164K, committed 21248K, reserved 1069056K
  class space    used 2421K, capacity 2548K, committed 2560K, reserved 1048576K
}
Event: 118.485 GC heap before
{Heap before GC invocations=6 (full 0):
 PSYoungGen      total 74240K, used 13244K [0x000000076b580000, 0x0000000771980000, 0x00000007c0000000)
  eden space 63488K, 3% used [0x000000076b580000,0x000000076b7f73c0,0x000000076f380000)
  from space 10752K, 99% used [0x000000076f500000,0x000000076ff78020,0x000000076ff80000)
  to   space 19456K, 0% used [0x0000000770680000,0x0000000770680000,0x0000000771980000)
 ParOldGen       total 173568K, used 14498K [0x00000006c2000000, 0x00000006cc980000, 0x000000076b580000)
  object space 173568K, 8% used [0x00000006c2000000,0x00000006c2e28a80,0x00000006cc980000)
 Metaspace       used 20733K, capacity 21164K, committed 21248K, reserved 1069056K
  class space    used 2421K, capacity 2548K, committed 2560K, reserved 1048576K
Event: 118.497 GC heap after
Heap after GC invocations=6 (full 0):
 PSYoungGen      total 78848K, used 10800K [0x000000076b580000, 0x0000000771700000, 0x00000007c0000000)
  eden space 61952K, 0% used [0x000000076b580000,0x000000076b580000,0x000000076f200000)
  from space 16896K, 63% used [0x0000000770680000,0x000000077110c030,0x0000000771700000)
  to   space 18944K, 0% used [0x000000076f200000,0x000000076f200000,0x0000000770480000)
 ParOldGen       total 173568K, used 14506K [0x00000006c2000000, 0x00000006cc980000, 0x000000076b580000)
  object space 173568K, 8% used [0x00000006c2000000,0x00000006c2e2aa80,0x00000006cc980000)
 Metaspace       used 20733K, capacity 21164K, committed 21248K, reserved 1069056K
  class space    used 2421K, capacity 2548K, committed 2560K, reserved 1048576K
}
Event: 118.497 GC heap before
{Heap before GC invocations=7 (full 1):
 PSYoungGen      total 78848K, used 10800K [0x000000076b580000, 0x0000000771700000, 0x00000007c0000000)
  eden space 61952K, 0% used [0x000000076b580000,0x000000076b580000,0x000000076f200000)
  from space 16896K, 63% used [0x0000000770680000,0x000000077110c030,0x0000000771700000)
  to   space 18944K, 0% used [0x000000076f200000,0x000000076f200000,0x0000000770480000)
 ParOldGen       total 173568K, used 14506K [0x00000006c2000000, 0x00000006cc980000, 0x000000076b580000)
  object space 173568K, 8% used [0x00000006c2000000,0x00000006c2e2aa80,0x00000006cc980000)
 Metaspace       used 20733K, capacity 21164K, committed 21248K, reserved 1069056K
  class space    used 2421K, capacity 2548K, committed 2560K, reserved 1048576K
Event: 118.582 GC heap after
Heap after GC invocations=7 (full 1):
 PSYoungGen      total 78848K, used 0K [0x000000076b580000, 0x0000000771700000, 0x00000007c0000000)
  eden space 61952K, 0% used [0x000000076b580000,0x000000076b580000,0x000000076f200000)
  from space 16896K, 0% used [0x0000000770680000,0x0000000770680000,0x0000000771700000)
  to   space 18944K, 0% used [0x000000076f200000,0x000000076f200000,0x0000000770480000)
 ParOldGen       total 90112K, used 19057K [0x00000006c2000000, 0x00000006c7800000, 0x000000076b580000)
  object space 90112K, 21% used [0x00000006c2000000,0x00000006c329c550,0x00000006c7800000)
 Metaspace       used 20733K, capacity 21164K, committed 21248K, reserved 1069056K
  class space    used 2421K, capacity 2548K, committed 2560K, reserved 1048576K
}
Event: 155.924 GC heap before
{Heap before GC invocations=8 (full 1):
 PSYoungGen      total 78848K, used 61952K [0x000000076b580000, 0x0000000771700000, 0x00000007c0000000)
  eden space 61952K, 100% used [0x000000076b580000,0x000000076f200000,0x000000076f200000)
  from space 16896K, 0% used [0x0000000770680000,0x0000000770680000,0x0000000771700000)
  to   space 18944K, 0% used [0x000000076f200000,0x000000076f200000,0x0000000770480000)
 ParOldGen       total 90112K, used 19057K [0x00000006c2000000, 0x00000006c7800000, 0x000000076b580000)
  object space 90112K, 21% used [0x00000006c2000000,0x00000006c329c550,0x00000006c7800000)
 Metaspace       used 26149K, capacity 26680K, committed 27008K, reserved 1073152K
  class space    used 2985K, capacity 3108K, committed 3200K, reserved 1048576K
Event: 155.930 GC heap after
Heap after GC invocations=8 (full 1):
 PSYoungGen      total 67584K, used 6243K [0x000000076b580000, 0x0000000771700000, 0x00000007c0000000)
  eden space 60928K, 0% used [0x000000076b580000,0x000000076b580000,0x000000076f100000)
  from space 6656K, 93% used [0x000000076f200000,0x000000076f818c60,0x000000076f880000)
  to   space 19456K, 0% used [0x0000000770400000,0x0000000770400000,0x0000000771700000)
 ParOldGen       total 90112K, used 19129K [0x00000006c2000000, 0x00000006c7800000, 0x000000076b580000)
  object space 90112K, 21% used [0x00000006c2000000,0x00000006c32ae560,0x00000006c7800000)
 Metaspace       used 26149K, capacity 26680K, committed 27008K, reserved 1073152K
  class space    used 2985K, capacity 3108K, committed 3200K, reserved 1048576K
}

